{"C:\\Projects\\StackOverflow-lite\\dist\\app.js":{"path":"C:\\Projects\\StackOverflow-lite\\dist\\app.js","s":{"1":1,"2":1,"3":1,"4":1,"5":1,"6":1,"7":1,"8":1,"9":3,"10":1,"11":1,"12":1,"13":1,"14":24,"15":24,"16":24,"17":1,"18":1,"19":1,"20":1,"21":1,"22":1,"23":1,"24":15,"25":1,"26":1,"27":1,"28":1},"b":{"1":[2,1],"2":[3,3],"3":[15,0],"4":[1,1]},"f":{"1":3,"2":24,"3":1,"4":15,"5":1},"fnMap":{"1":{"name":"_interopRequireDefault","line":19,"loc":{"start":{"line":19,"column":0},"end":{"line":19,"column":37}}},"2":{"name":"(anonymous_2)","line":25,"loc":{"start":{"line":25,"column":8},"end":{"line":25,"column":34}}},"3":{"name":"(anonymous_3)","line":34,"loc":{"start":{"line":34,"column":8},"end":{"line":34,"column":34}}},"4":{"name":"(anonymous_4)","line":40,"loc":{"start":{"line":40,"column":8},"end":{"line":40,"column":39}}},"5":{"name":"(anonymous_5)","line":49,"loc":{"start":{"line":49,"column":31},"end":{"line":49,"column":43}}}},"statementMap":{"1":{"start":{"line":3,"column":0},"end":{"line":5,"column":3}},"2":{"start":{"line":7,"column":0},"end":{"line":7,"column":34}},"3":{"start":{"line":9,"column":0},"end":{"line":9,"column":49}},"4":{"start":{"line":11,"column":0},"end":{"line":11,"column":32}},"5":{"start":{"line":13,"column":0},"end":{"line":13,"column":45}},"6":{"start":{"line":15,"column":0},"end":{"line":15,"column":30}},"7":{"start":{"line":17,"column":0},"end":{"line":17,"column":43}},"8":{"start":{"line":19,"column":0},"end":{"line":19,"column":95}},"9":{"start":{"line":19,"column":39},"end":{"line":19,"column":93}},"10":{"start":{"line":21,"column":0},"end":{"line":21,"column":35}},"11":{"start":{"line":22,"column":0},"end":{"line":22,"column":34}},"12":{"start":{"line":23,"column":0},"end":{"line":23,"column":34}},"13":{"start":{"line":25,"column":0},"end":{"line":29,"column":3}},"14":{"start":{"line":26,"column":2},"end":{"line":26,"column":49}},"15":{"start":{"line":27,"column":2},"end":{"line":27,"column":87}},"16":{"start":{"line":28,"column":2},"end":{"line":28,"column":9}},"17":{"start":{"line":31,"column":0},"end":{"line":31,"column":40}},"18":{"start":{"line":32,"column":0},"end":{"line":32,"column":34}},"19":{"start":{"line":34,"column":0},"end":{"line":38,"column":3}},"20":{"start":{"line":35,"column":2},"end":{"line":35,"column":46}},"21":{"start":{"line":36,"column":2},"end":{"line":36,"column":19}},"22":{"start":{"line":37,"column":2},"end":{"line":37,"column":12}},"23":{"start":{"line":40,"column":0},"end":{"line":47,"column":3}},"24":{"start":{"line":41,"column":2},"end":{"line":46,"column":5}},"25":{"start":{"line":48,"column":0},"end":{"line":48,"column":36}},"26":{"start":{"line":49,"column":0},"end":{"line":51,"column":3}},"27":{"start":{"line":50,"column":2},"end":{"line":50,"column":58}},"28":{"start":{"line":52,"column":0},"end":{"line":52,"column":26}}},"branchMap":{"1":{"line":19,"type":"cond-expr","locations":[{"start":{"line":19,"column":70},"end":{"line":19,"column":73}},{"start":{"line":19,"column":76},"end":{"line":19,"column":92}}]},"2":{"line":19,"type":"binary-expr","locations":[{"start":{"line":19,"column":46},"end":{"line":19,"column":49}},{"start":{"line":19,"column":53},"end":{"line":19,"column":67}}]},"3":{"line":41,"type":"binary-expr","locations":[{"start":{"line":41,"column":13},"end":{"line":41,"column":23}},{"start":{"line":41,"column":27},"end":{"line":41,"column":30}}]},"4":{"line":48,"type":"binary-expr","locations":[{"start":{"line":48,"column":11},"end":{"line":48,"column":27}},{"start":{"line":48,"column":31},"end":{"line":48,"column":35}}]}}},"C:\\Projects\\StackOverflow-lite\\dist\\route.js":{"path":"C:\\Projects\\StackOverflow-lite\\dist\\route.js","s":{"1":1,"2":1,"3":1,"4":1,"5":1,"6":1,"7":1,"8":1,"9":1,"10":1,"11":1,"12":4,"13":1,"14":1,"15":8,"16":8,"17":8,"18":1,"19":1,"20":1,"21":8,"22":8,"23":1,"24":1,"25":1,"26":1,"27":4,"28":4,"29":1,"30":3,"31":3,"32":2,"33":1,"34":1,"35":1,"36":0,"37":1,"38":1,"39":1,"40":3,"41":3,"42":3,"43":1,"44":3,"45":3,"46":1,"47":2,"48":2,"49":2,"50":1,"51":0,"52":0,"53":0,"54":0,"55":0,"56":0,"57":0,"58":0,"59":0,"60":0,"61":0,"62":0,"63":1},"b":{"1":[3,1],"2":[4,4],"3":[1,7],"4":[1,3],"5":[2,1],"6":[3,1],"7":[0,1],"8":[1,1],"9":[1,2],"10":[0,0],"11":[0,0],"12":[0,0]},"f":{"1":4,"2":8,"3":1,"4":4,"5":3,"6":3,"7":0},"fnMap":{"1":{"name":"_interopRequireDefault","line":25,"loc":{"start":{"line":25,"column":0},"end":{"line":25,"column":37}}},"2":{"name":"checkToken","line":28,"loc":{"start":{"line":28,"column":17},"end":{"line":28,"column":62}}},"3":{"name":"(anonymous_3)","line":40,"loc":{"start":{"line":40,"column":16},"end":{"line":40,"column":45}}},"4":{"name":"(anonymous_4)","line":45,"loc":{"start":{"line":45,"column":29},"end":{"line":45,"column":64}}},"5":{"name":"(anonymous_5)","line":66,"loc":{"start":{"line":66,"column":19},"end":{"line":66,"column":54}}},"6":{"name":"(anonymous_6)","line":73,"loc":{"start":{"line":73,"column":34},"end":{"line":73,"column":69}}},"7":{"name":"(anonymous_7)","line":84,"loc":{"start":{"line":84,"column":40},"end":{"line":84,"column":75}}}},"statementMap":{"1":{"start":{"line":3,"column":0},"end":{"line":5,"column":3}},"2":{"start":{"line":7,"column":0},"end":{"line":7,"column":34}},"3":{"start":{"line":9,"column":0},"end":{"line":9,"column":49}},"4":{"start":{"line":11,"column":0},"end":{"line":11,"column":28}},"5":{"start":{"line":13,"column":0},"end":{"line":13,"column":49}},"6":{"start":{"line":15,"column":0},"end":{"line":15,"column":51}},"7":{"start":{"line":17,"column":0},"end":{"line":17,"column":45}},"8":{"start":{"line":19,"column":0},"end":{"line":19,"column":47}},"9":{"start":{"line":21,"column":0},"end":{"line":21,"column":43}},"10":{"start":{"line":23,"column":0},"end":{"line":23,"column":45}},"11":{"start":{"line":25,"column":0},"end":{"line":25,"column":95}},"12":{"start":{"line":25,"column":39},"end":{"line":25,"column":93}},"13":{"start":{"line":27,"column":0},"end":{"line":27,"column":40}},"14":{"start":{"line":28,"column":0},"end":{"line":38,"column":2}},"15":{"start":{"line":29,"column":2},"end":{"line":29,"column":45}},"16":{"start":{"line":30,"column":2},"end":{"line":30,"column":41}},"17":{"start":{"line":31,"column":2},"end":{"line":35,"column":3}},"18":{"start":{"line":32,"column":4},"end":{"line":32,"column":49}},"19":{"start":{"line":33,"column":4},"end":{"line":33,"column":21}},"20":{"start":{"line":34,"column":4},"end":{"line":34,"column":14}},"21":{"start":{"line":36,"column":2},"end":{"line":36,"column":24}},"22":{"start":{"line":37,"column":2},"end":{"line":37,"column":9}},"23":{"start":{"line":40,"column":0},"end":{"line":43,"column":3}},"24":{"start":{"line":41,"column":2},"end":{"line":41,"column":42}},"25":{"start":{"line":42,"column":2},"end":{"line":42,"column":44}},"26":{"start":{"line":45,"column":0},"end":{"line":64,"column":3}},"27":{"start":{"line":46,"column":2},"end":{"line":46,"column":52}},"28":{"start":{"line":47,"column":2},"end":{"line":49,"column":3}},"29":{"start":{"line":48,"column":4},"end":{"line":48,"column":55}},"30":{"start":{"line":50,"column":2},"end":{"line":52,"column":38}},"31":{"start":{"line":54,"column":2},"end":{"line":56,"column":3}},"32":{"start":{"line":55,"column":4},"end":{"line":55,"column":61}},"33":{"start":{"line":57,"column":2},"end":{"line":57,"column":44}},"34":{"start":{"line":58,"column":2},"end":{"line":58,"column":48}},"35":{"start":{"line":59,"column":2},"end":{"line":61,"column":3}},"36":{"start":{"line":60,"column":4},"end":{"line":60,"column":61}},"37":{"start":{"line":62,"column":2},"end":{"line":62,"column":42}},"38":{"start":{"line":63,"column":2},"end":{"line":63,"column":69}},"39":{"start":{"line":66,"column":0},"end":{"line":71,"column":3}},"40":{"start":{"line":67,"column":2},"end":{"line":67,"column":29}},"41":{"start":{"line":69,"column":2},"end":{"line":69,"column":42}},"42":{"start":{"line":70,"column":2},"end":{"line":70,"column":50}},"43":{"start":{"line":73,"column":0},"end":{"line":82,"column":3}},"44":{"start":{"line":74,"column":2},"end":{"line":74,"column":52}},"45":{"start":{"line":75,"column":2},"end":{"line":77,"column":3}},"46":{"start":{"line":76,"column":4},"end":{"line":76,"column":55}},"47":{"start":{"line":78,"column":2},"end":{"line":78,"column":29}},"48":{"start":{"line":80,"column":2},"end":{"line":80,"column":42}},"49":{"start":{"line":81,"column":2},"end":{"line":81,"column":66}},"50":{"start":{"line":84,"column":0},"end":{"line":102,"column":3}},"51":{"start":{"line":85,"column":2},"end":{"line":85,"column":52}},"52":{"start":{"line":86,"column":2},"end":{"line":88,"column":3}},"53":{"start":{"line":87,"column":4},"end":{"line":87,"column":55}},"54":{"start":{"line":89,"column":2},"end":{"line":89,"column":34}},"55":{"start":{"line":91,"column":2},"end":{"line":93,"column":3}},"56":{"start":{"line":92,"column":4},"end":{"line":92,"column":61}},"57":{"start":{"line":94,"column":2},"end":{"line":94,"column":29}},"58":{"start":{"line":96,"column":2},"end":{"line":96,"column":44}},"59":{"start":{"line":97,"column":2},"end":{"line":99,"column":3}},"60":{"start":{"line":98,"column":4},"end":{"line":98,"column":61}},"61":{"start":{"line":100,"column":2},"end":{"line":100,"column":38}},"62":{"start":{"line":101,"column":2},"end":{"line":101,"column":66}},"63":{"start":{"line":104,"column":0},"end":{"line":104,"column":25}}},"branchMap":{"1":{"line":25,"type":"cond-expr","locations":[{"start":{"line":25,"column":70},"end":{"line":25,"column":73}},{"start":{"line":25,"column":76},"end":{"line":25,"column":92}}]},"2":{"line":25,"type":"binary-expr","locations":[{"start":{"line":25,"column":46},"end":{"line":25,"column":49}},{"start":{"line":25,"column":53},"end":{"line":25,"column":67}}]},"3":{"line":31,"type":"if","locations":[{"start":{"line":31,"column":2},"end":{"line":31,"column":2}},{"start":{"line":31,"column":2},"end":{"line":31,"column":2}}]},"4":{"line":47,"type":"if","locations":[{"start":{"line":47,"column":2},"end":{"line":47,"column":2}},{"start":{"line":47,"column":2},"end":{"line":47,"column":2}}]},"5":{"line":54,"type":"if","locations":[{"start":{"line":54,"column":2},"end":{"line":54,"column":2}},{"start":{"line":54,"column":2},"end":{"line":54,"column":2}}]},"6":{"line":54,"type":"binary-expr","locations":[{"start":{"line":54,"column":6},"end":{"line":54,"column":12}},{"start":{"line":54,"column":16},"end":{"line":54,"column":24}}]},"7":{"line":59,"type":"if","locations":[{"start":{"line":59,"column":2},"end":{"line":59,"column":2}},{"start":{"line":59,"column":2},"end":{"line":59,"column":2}}]},"8":{"line":59,"type":"binary-expr","locations":[{"start":{"line":59,"column":6},"end":{"line":59,"column":12}},{"start":{"line":59,"column":16},"end":{"line":59,"column":24}}]},"9":{"line":75,"type":"if","locations":[{"start":{"line":75,"column":2},"end":{"line":75,"column":2}},{"start":{"line":75,"column":2},"end":{"line":75,"column":2}}]},"10":{"line":86,"type":"if","locations":[{"start":{"line":86,"column":2},"end":{"line":86,"column":2}},{"start":{"line":86,"column":2},"end":{"line":86,"column":2}}]},"11":{"line":91,"type":"if","locations":[{"start":{"line":91,"column":2},"end":{"line":91,"column":2}},{"start":{"line":91,"column":2},"end":{"line":91,"column":2}}]},"12":{"line":97,"type":"if","locations":[{"start":{"line":97,"column":2},"end":{"line":97,"column":2}},{"start":{"line":97,"column":2},"end":{"line":97,"column":2}}]}}},"C:\\Projects\\StackOverflow-lite\\dist\\jwt.js":{"path":"C:\\Projects\\StackOverflow-lite\\dist\\jwt.js","s":{"1":1,"2":1,"3":1,"4":1,"5":1,"6":1,"7":1,"8":1,"9":8,"10":1,"11":7,"12":7,"13":1,"14":7,"15":7,"16":2,"17":5,"18":1,"19":1,"20":1},"b":{"1":[0,1],"2":[1,1],"3":[1,7],"4":[2,5]},"f":{"1":1,"2":8,"3":7,"4":7},"fnMap":{"1":{"name":"_interopRequireDefault","line":12,"loc":{"start":{"line":12,"column":0},"end":{"line":12,"column":37}}},"2":{"name":"getToken","line":16,"loc":{"start":{"line":16,"column":15},"end":{"line":16,"column":41}}},"3":{"name":"verifyToken","line":24,"loc":{"start":{"line":24,"column":18},"end":{"line":24,"column":46}}},"4":{"name":"(anonymous_4)","line":25,"loc":{"start":{"line":25,"column":54},"end":{"line":25,"column":77}}}},"statementMap":{"1":{"start":{"line":3,"column":0},"end":{"line":5,"column":3}},"2":{"start":{"line":6,"column":0},"end":{"line":6,"column":68}},"3":{"start":{"line":8,"column":0},"end":{"line":8,"column":44}},"4":{"start":{"line":10,"column":0},"end":{"line":10,"column":59}},"5":{"start":{"line":12,"column":0},"end":{"line":12,"column":95}},"6":{"start":{"line":12,"column":39},"end":{"line":12,"column":93}},"7":{"start":{"line":14,"column":0},"end":{"line":14,"column":31}},"8":{"start":{"line":16,"column":0},"end":{"line":22,"column":2}},"9":{"start":{"line":17,"column":2},"end":{"line":19,"column":3}},"10":{"start":{"line":18,"column":4},"end":{"line":18,"column":17}},"11":{"start":{"line":20,"column":2},"end":{"line":20,"column":35}},"12":{"start":{"line":21,"column":2},"end":{"line":21,"column":15}},"13":{"start":{"line":24,"column":0},"end":{"line":37,"column":2}},"14":{"start":{"line":25,"column":2},"end":{"line":36,"column":5}},"15":{"start":{"line":26,"column":4},"end":{"line":31,"column":5}},"16":{"start":{"line":27,"column":6},"end":{"line":30,"column":8}},"17":{"start":{"line":32,"column":4},"end":{"line":35,"column":6}},"18":{"start":{"line":39,"column":0},"end":{"line":39,"column":24}},"19":{"start":{"line":40,"column":0},"end":{"line":40,"column":28}},"20":{"start":{"line":41,"column":0},"end":{"line":41,"column":34}}},"branchMap":{"1":{"line":12,"type":"cond-expr","locations":[{"start":{"line":12,"column":70},"end":{"line":12,"column":73}},{"start":{"line":12,"column":76},"end":{"line":12,"column":92}}]},"2":{"line":12,"type":"binary-expr","locations":[{"start":{"line":12,"column":46},"end":{"line":12,"column":49}},{"start":{"line":12,"column":53},"end":{"line":12,"column":67}}]},"3":{"line":17,"type":"if","locations":[{"start":{"line":17,"column":2},"end":{"line":17,"column":2}},{"start":{"line":17,"column":2},"end":{"line":17,"column":2}}]},"4":{"line":26,"type":"if","locations":[{"start":{"line":26,"column":4},"end":{"line":26,"column":4}},{"start":{"line":26,"column":4},"end":{"line":26,"column":4}}]}}},"C:\\Projects\\StackOverflow-lite\\dist\\controller\\question.js":{"path":"C:\\Projects\\StackOverflow-lite\\dist\\controller\\question.js","s":{"1":1,"2":1,"3":1,"4":1,"5":5,"6":5,"7":5,"8":5,"9":5,"10":5,"11":1,"12":1,"13":1,"14":1,"15":0,"16":1,"17":1,"18":1,"19":1,"20":1,"21":1,"22":2,"23":1,"24":7,"25":0,"26":1,"27":1,"28":7,"29":1,"30":1,"31":1,"32":1,"33":3,"34":3,"35":3,"36":1,"37":2,"38":2,"39":2,"40":1,"41":1,"42":1,"43":1,"44":1,"45":1,"46":2,"47":2,"48":1,"49":1,"50":1,"51":2,"52":2,"53":0,"54":2,"55":2,"56":2,"57":0,"58":2,"59":1,"60":1,"61":1,"62":1,"63":1,"64":8,"65":8,"66":8,"67":1,"68":1},"b":{"1":[5,5],"2":[5,0],"3":[1,0],"4":[0,1],"5":[2,0],"6":[2,2],"7":[0,7],"8":[1,2],"9":[1,1],"10":[0,2],"11":[0,2],"12":[1,1]},"f":{"1":1,"2":1,"3":1,"4":2,"5":7,"6":1,"7":7,"8":1,"9":1,"10":3,"11":2,"12":1,"13":2,"14":1,"15":1,"16":2,"17":2,"18":1,"19":1,"20":8,"21":8},"fnMap":{"1":{"name":"(anonymous_1)","line":7,"loc":{"start":{"line":7,"column":19},"end":{"line":7,"column":31}}},"2":{"name":"defineProperties","line":7,"loc":{"start":{"line":7,"column":33},"end":{"line":7,"column":74}}},"3":{"name":"(anonymous_3)","line":7,"loc":{"start":{"line":7,"column":357},"end":{"line":7,"column":405}}},"4":{"name":"_interopRequireDefault","line":17,"loc":{"start":{"line":17,"column":0},"end":{"line":17,"column":37}}},"5":{"name":"_classCallCheck","line":19,"loc":{"start":{"line":19,"column":0},"end":{"line":19,"column":48}}},"6":{"name":"(anonymous_6)","line":21,"loc":{"start":{"line":21,"column":25},"end":{"line":21,"column":37}}},"7":{"name":"QuestionController","line":22,"loc":{"start":{"line":22,"column":2},"end":{"line":22,"column":32}}},"8":{"name":"getAllQuestions","line":28,"loc":{"start":{"line":28,"column":11},"end":{"line":28,"column":46}}},"9":{"name":"(anonymous_9)","line":32,"loc":{"start":{"line":32,"column":32},"end":{"line":32,"column":48}}},"10":{"name":"getQuestion","line":38,"loc":{"start":{"line":38,"column":11},"end":{"line":38,"column":52}}},"11":{"name":"(anonymous_11)","line":49,"loc":{"start":{"line":49,"column":46},"end":{"line":49,"column":62}}},"12":{"name":"(anonymous_12)","line":58,"loc":{"start":{"line":58,"column":42},"end":{"line":58,"column":60}}},"13":{"name":"(anonymous_13)","line":63,"loc":{"start":{"line":63,"column":30},"end":{"line":63,"column":46}}},"14":{"name":"addQuestion","line":69,"loc":{"start":{"line":69,"column":11},"end":{"line":69,"column":64}}},"15":{"name":"(anonymous_15)","line":74,"loc":{"start":{"line":74,"column":32},"end":{"line":74,"column":48}}},"16":{"name":"deleteQuestion","line":80,"loc":{"start":{"line":80,"column":11},"end":{"line":80,"column":61}}},"17":{"name":"(anonymous_17)","line":90,"loc":{"start":{"line":90,"column":39},"end":{"line":90,"column":55}}},"18":{"name":"(anonymous_18)","line":101,"loc":{"start":{"line":101,"column":43},"end":{"line":101,"column":55}}},"19":{"name":"(anonymous_19)","line":102,"loc":{"start":{"line":102,"column":36},"end":{"line":102,"column":48}}},"20":{"name":"runQuery","line":110,"loc":{"start":{"line":110,"column":11},"end":{"line":110,"column":36}}},"21":{"name":"(anonymous_21)","line":111,"loc":{"start":{"line":111,"column":58},"end":{"line":111,"column":78}}}},"statementMap":{"1":{"start":{"line":3,"column":0},"end":{"line":5,"column":3}},"2":{"start":{"line":7,"column":0},"end":{"line":7,"column":564}},"3":{"start":{"line":7,"column":33},"end":{"line":7,"column":349}},"4":{"start":{"line":7,"column":76},"end":{"line":7,"column":347}},"5":{"start":{"line":7,"column":117},"end":{"line":7,"column":143}},"6":{"start":{"line":7,"column":144},"end":{"line":7,"column":199}},"7":{"start":{"line":7,"column":200},"end":{"line":7,"column":231}},"8":{"start":{"line":7,"column":232},"end":{"line":7,"column":286}},"9":{"start":{"line":7,"column":259},"end":{"line":7,"column":286}},"10":{"start":{"line":7,"column":287},"end":{"line":7,"column":345}},"11":{"start":{"line":7,"column":350},"end":{"line":7,"column":559}},"12":{"start":{"line":7,"column":407},"end":{"line":7,"column":475}},"13":{"start":{"line":7,"column":423},"end":{"line":7,"column":475}},"14":{"start":{"line":7,"column":476},"end":{"line":7,"column":536}},"15":{"start":{"line":7,"column":493},"end":{"line":7,"column":536}},"16":{"start":{"line":7,"column":537},"end":{"line":7,"column":556}},"17":{"start":{"line":9,"column":0},"end":{"line":9,"column":44}},"18":{"start":{"line":11,"column":0},"end":{"line":11,"column":53}},"19":{"start":{"line":13,"column":0},"end":{"line":13,"column":32}},"20":{"start":{"line":15,"column":0},"end":{"line":15,"column":45}},"21":{"start":{"line":17,"column":0},"end":{"line":17,"column":95}},"22":{"start":{"line":17,"column":39},"end":{"line":17,"column":93}},"23":{"start":{"line":19,"column":0},"end":{"line":19,"column":153}},"24":{"start":{"line":19,"column":50},"end":{"line":19,"column":151}},"25":{"start":{"line":19,"column":92},"end":{"line":19,"column":149}},"26":{"start":{"line":21,"column":0},"end":{"line":119,"column":4}},"27":{"start":{"line":22,"column":2},"end":{"line":24,"column":3}},"28":{"start":{"line":23,"column":4},"end":{"line":23,"column":46}},"29":{"start":{"line":26,"column":2},"end":{"line":116,"column":6}},"30":{"start":{"line":29,"column":6},"end":{"line":31,"column":8}},"31":{"start":{"line":32,"column":6},"end":{"line":34,"column":9}},"32":{"start":{"line":33,"column":8},"end":{"line":33,"column":52}},"33":{"start":{"line":39,"column":6},"end":{"line":39,"column":23}},"34":{"start":{"line":41,"column":6},"end":{"line":41,"column":33}},"35":{"start":{"line":42,"column":6},"end":{"line":44,"column":7}},"36":{"start":{"line":43,"column":8},"end":{"line":43,"column":65}},"37":{"start":{"line":45,"column":6},"end":{"line":48,"column":8}},"38":{"start":{"line":49,"column":6},"end":{"line":62,"column":9}},"39":{"start":{"line":50,"column":8},"end":{"line":52,"column":9}},"40":{"start":{"line":51,"column":10},"end":{"line":51,"column":70}},"41":{"start":{"line":53,"column":8},"end":{"line":53,"column":44}},"42":{"start":{"line":54,"column":8},"end":{"line":57,"column":10}},"43":{"start":{"line":58,"column":8},"end":{"line":61,"column":11}},"44":{"start":{"line":59,"column":10},"end":{"line":59,"column":53}},"45":{"start":{"line":60,"column":10},"end":{"line":60,"column":38}},"46":{"start":{"line":63,"column":6},"end":{"line":65,"column":9}},"47":{"start":{"line":64,"column":8},"end":{"line":64,"column":47}},"48":{"start":{"line":70,"column":6},"end":{"line":73,"column":8}},"49":{"start":{"line":74,"column":6},"end":{"line":76,"column":9}},"50":{"start":{"line":75,"column":8},"end":{"line":75,"column":55}},"51":{"start":{"line":81,"column":6},"end":{"line":81,"column":24}},"52":{"start":{"line":83,"column":6},"end":{"line":85,"column":7}},"53":{"start":{"line":84,"column":8},"end":{"line":84,"column":65}},"54":{"start":{"line":86,"column":6},"end":{"line":89,"column":8}},"55":{"start":{"line":90,"column":6},"end":{"line":106,"column":9}},"56":{"start":{"line":91,"column":8},"end":{"line":93,"column":9}},"57":{"start":{"line":92,"column":10},"end":{"line":92,"column":70}},"58":{"start":{"line":94,"column":8},"end":{"line":96,"column":9}},"59":{"start":{"line":95,"column":10},"end":{"line":95,"column":71}},"60":{"start":{"line":97,"column":8},"end":{"line":100,"column":10}},"61":{"start":{"line":101,"column":8},"end":{"line":105,"column":11}},"62":{"start":{"line":102,"column":10},"end":{"line":104,"column":13}},"63":{"start":{"line":103,"column":12},"end":{"line":103,"column":95}},"64":{"start":{"line":111,"column":6},"end":{"line":113,"column":9}},"65":{"start":{"line":112,"column":8},"end":{"line":112,"column":24}},"66":{"start":{"line":114,"column":6},"end":{"line":114,"column":25}},"67":{"start":{"line":118,"column":2},"end":{"line":118,"column":28}},"68":{"start":{"line":121,"column":0},"end":{"line":121,"column":37}}},"branchMap":{"1":{"line":7,"type":"binary-expr","locations":[{"start":{"line":7,"column":168},"end":{"line":7,"column":189}},{"start":{"line":7,"column":193},"end":{"line":7,"column":198}}]},"2":{"line":7,"type":"if","locations":[{"start":{"line":7,"column":232},"end":{"line":7,"column":232}},{"start":{"line":7,"column":232},"end":{"line":7,"column":232}}]},"3":{"line":7,"type":"if","locations":[{"start":{"line":7,"column":407},"end":{"line":7,"column":407}},{"start":{"line":7,"column":407},"end":{"line":7,"column":407}}]},"4":{"line":7,"type":"if","locations":[{"start":{"line":7,"column":476},"end":{"line":7,"column":476}},{"start":{"line":7,"column":476},"end":{"line":7,"column":476}}]},"5":{"line":17,"type":"cond-expr","locations":[{"start":{"line":17,"column":70},"end":{"line":17,"column":73}},{"start":{"line":17,"column":76},"end":{"line":17,"column":92}}]},"6":{"line":17,"type":"binary-expr","locations":[{"start":{"line":17,"column":46},"end":{"line":17,"column":49}},{"start":{"line":17,"column":53},"end":{"line":17,"column":67}}]},"7":{"line":19,"type":"if","locations":[{"start":{"line":19,"column":50},"end":{"line":19,"column":50}},{"start":{"line":19,"column":50},"end":{"line":19,"column":50}}]},"8":{"line":42,"type":"if","locations":[{"start":{"line":42,"column":6},"end":{"line":42,"column":6}},{"start":{"line":42,"column":6},"end":{"line":42,"column":6}}]},"9":{"line":50,"type":"if","locations":[{"start":{"line":50,"column":8},"end":{"line":50,"column":8}},{"start":{"line":50,"column":8},"end":{"line":50,"column":8}}]},"10":{"line":83,"type":"if","locations":[{"start":{"line":83,"column":6},"end":{"line":83,"column":6}},{"start":{"line":83,"column":6},"end":{"line":83,"column":6}}]},"11":{"line":91,"type":"if","locations":[{"start":{"line":91,"column":8},"end":{"line":91,"column":8}},{"start":{"line":91,"column":8},"end":{"line":91,"column":8}}]},"12":{"line":94,"type":"if","locations":[{"start":{"line":94,"column":8},"end":{"line":94,"column":8}},{"start":{"line":94,"column":8},"end":{"line":94,"column":8}}]}}},"C:\\Projects\\StackOverflow-lite\\dist\\db\\dbconnect.js":{"path":"C:\\Projects\\StackOverflow-lite\\dist\\db\\dbconnect.js","s":{"1":1,"2":1,"3":1,"4":1,"5":1},"b":{},"f":{},"fnMap":{},"statementMap":{"1":{"start":{"line":3,"column":0},"end":{"line":5,"column":3}},"2":{"start":{"line":7,"column":0},"end":{"line":7,"column":24}},"3":{"start":{"line":9,"column":0},"end":{"line":9,"column":82}},"4":{"start":{"line":10,"column":0},"end":{"line":12,"column":3}},"5":{"start":{"line":14,"column":0},"end":{"line":14,"column":23}}},"branchMap":{}},"C:\\Projects\\StackOverflow-lite\\dist\\controller\\error.js":{"path":"C:\\Projects\\StackOverflow-lite\\dist\\controller\\error.js","s":{"1":1,"2":1,"3":13,"4":0,"5":1,"6":13,"7":13,"8":13,"9":13,"10":1},"b":{"1":[0,13]},"f":{"1":13,"2":13},"fnMap":{"1":{"name":"_classCallCheck","line":7,"loc":{"start":{"line":7,"column":0},"end":{"line":7,"column":48}}},"2":{"name":"ErrorHandler","line":9,"loc":{"start":{"line":9,"column":19},"end":{"line":9,"column":56}}}},"statementMap":{"1":{"start":{"line":3,"column":0},"end":{"line":5,"column":3}},"2":{"start":{"line":7,"column":0},"end":{"line":7,"column":153}},"3":{"start":{"line":7,"column":50},"end":{"line":7,"column":151}},"4":{"start":{"line":7,"column":92},"end":{"line":7,"column":149}},"5":{"start":{"line":9,"column":0},"end":{"line":15,"column":2}},"6":{"start":{"line":10,"column":2},"end":{"line":10,"column":38}},"7":{"start":{"line":12,"column":2},"end":{"line":12,"column":31}},"8":{"start":{"line":13,"column":2},"end":{"line":13,"column":20}},"9":{"start":{"line":14,"column":2},"end":{"line":14,"column":13}},"10":{"start":{"line":17,"column":0},"end":{"line":17,"column":31}}},"branchMap":{"1":{"line":7,"type":"if","locations":[{"start":{"line":7,"column":50},"end":{"line":7,"column":50}},{"start":{"line":7,"column":50},"end":{"line":7,"column":50}}]}}},"C:\\Projects\\StackOverflow-lite\\dist\\controller\\answer.js":{"path":"C:\\Projects\\StackOverflow-lite\\dist\\controller\\answer.js","s":{"1":1,"2":1,"3":1,"4":1,"5":2,"6":2,"7":2,"8":2,"9":2,"10":2,"11":1,"12":1,"13":1,"14":1,"15":0,"16":1,"17":1,"18":1,"19":1,"20":1,"21":1,"22":2,"23":1,"24":0,"25":0,"26":1,"27":1,"28":0,"29":1,"30":0,"31":0,"32":0,"33":0,"34":0,"35":0,"36":0,"37":0,"38":0,"39":0,"40":0,"41":0,"42":0,"43":0,"44":0,"45":1,"46":1},"b":{"1":[2,2],"2":[2,0],"3":[1,0],"4":[0,1],"5":[2,0],"6":[2,2],"7":[0,0],"8":[0,0],"9":[0,0],"10":[0,0]},"f":{"1":1,"2":1,"3":1,"4":2,"5":0,"6":1,"7":0,"8":0,"9":0,"10":0,"11":0,"12":0},"fnMap":{"1":{"name":"(anonymous_1)","line":7,"loc":{"start":{"line":7,"column":19},"end":{"line":7,"column":31}}},"2":{"name":"defineProperties","line":7,"loc":{"start":{"line":7,"column":33},"end":{"line":7,"column":74}}},"3":{"name":"(anonymous_3)","line":7,"loc":{"start":{"line":7,"column":357},"end":{"line":7,"column":405}}},"4":{"name":"_interopRequireDefault","line":17,"loc":{"start":{"line":17,"column":0},"end":{"line":17,"column":37}}},"5":{"name":"_classCallCheck","line":19,"loc":{"start":{"line":19,"column":0},"end":{"line":19,"column":48}}},"6":{"name":"(anonymous_6)","line":21,"loc":{"start":{"line":21,"column":23},"end":{"line":21,"column":35}}},"7":{"name":"AnswerController","line":22,"loc":{"start":{"line":22,"column":2},"end":{"line":22,"column":30}}},"8":{"name":"addAnswer","line":28,"loc":{"start":{"line":28,"column":11},"end":{"line":28,"column":68}}},"9":{"name":"(anonymous_9)","line":38,"loc":{"start":{"line":38,"column":39},"end":{"line":38,"column":55}}},"10":{"name":"(anonymous_10)","line":49,"loc":{"start":{"line":49,"column":42},"end":{"line":49,"column":60}}},"11":{"name":"runQuery","line":56,"loc":{"start":{"line":56,"column":11},"end":{"line":56,"column":36}}},"12":{"name":"(anonymous_12)","line":57,"loc":{"start":{"line":57,"column":58},"end":{"line":57,"column":78}}}},"statementMap":{"1":{"start":{"line":3,"column":0},"end":{"line":5,"column":3}},"2":{"start":{"line":7,"column":0},"end":{"line":7,"column":564}},"3":{"start":{"line":7,"column":33},"end":{"line":7,"column":349}},"4":{"start":{"line":7,"column":76},"end":{"line":7,"column":347}},"5":{"start":{"line":7,"column":117},"end":{"line":7,"column":143}},"6":{"start":{"line":7,"column":144},"end":{"line":7,"column":199}},"7":{"start":{"line":7,"column":200},"end":{"line":7,"column":231}},"8":{"start":{"line":7,"column":232},"end":{"line":7,"column":286}},"9":{"start":{"line":7,"column":259},"end":{"line":7,"column":286}},"10":{"start":{"line":7,"column":287},"end":{"line":7,"column":345}},"11":{"start":{"line":7,"column":350},"end":{"line":7,"column":559}},"12":{"start":{"line":7,"column":407},"end":{"line":7,"column":475}},"13":{"start":{"line":7,"column":423},"end":{"line":7,"column":475}},"14":{"start":{"line":7,"column":476},"end":{"line":7,"column":536}},"15":{"start":{"line":7,"column":493},"end":{"line":7,"column":536}},"16":{"start":{"line":7,"column":537},"end":{"line":7,"column":556}},"17":{"start":{"line":9,"column":0},"end":{"line":9,"column":44}},"18":{"start":{"line":11,"column":0},"end":{"line":11,"column":53}},"19":{"start":{"line":13,"column":0},"end":{"line":13,"column":32}},"20":{"start":{"line":15,"column":0},"end":{"line":15,"column":45}},"21":{"start":{"line":17,"column":0},"end":{"line":17,"column":95}},"22":{"start":{"line":17,"column":39},"end":{"line":17,"column":93}},"23":{"start":{"line":19,"column":0},"end":{"line":19,"column":153}},"24":{"start":{"line":19,"column":50},"end":{"line":19,"column":151}},"25":{"start":{"line":19,"column":92},"end":{"line":19,"column":149}},"26":{"start":{"line":21,"column":0},"end":{"line":65,"column":4}},"27":{"start":{"line":22,"column":2},"end":{"line":24,"column":3}},"28":{"start":{"line":23,"column":4},"end":{"line":23,"column":44}},"29":{"start":{"line":26,"column":2},"end":{"line":62,"column":6}},"30":{"start":{"line":29,"column":6},"end":{"line":29,"column":23}},"31":{"start":{"line":31,"column":6},"end":{"line":33,"column":7}},"32":{"start":{"line":32,"column":8},"end":{"line":32,"column":65}},"33":{"start":{"line":34,"column":6},"end":{"line":37,"column":8}},"34":{"start":{"line":38,"column":6},"end":{"line":52,"column":9}},"35":{"start":{"line":39,"column":8},"end":{"line":41,"column":9}},"36":{"start":{"line":40,"column":10},"end":{"line":40,"column":70}},"37":{"start":{"line":42,"column":8},"end":{"line":44,"column":9}},"38":{"start":{"line":43,"column":10},"end":{"line":43,"column":83}},"39":{"start":{"line":45,"column":8},"end":{"line":48,"column":10}},"40":{"start":{"line":49,"column":8},"end":{"line":51,"column":11}},"41":{"start":{"line":50,"column":10},"end":{"line":50,"column":59}},"42":{"start":{"line":57,"column":6},"end":{"line":59,"column":9}},"43":{"start":{"line":58,"column":8},"end":{"line":58,"column":24}},"44":{"start":{"line":60,"column":6},"end":{"line":60,"column":25}},"45":{"start":{"line":64,"column":2},"end":{"line":64,"column":26}},"46":{"start":{"line":67,"column":0},"end":{"line":67,"column":35}}},"branchMap":{"1":{"line":7,"type":"binary-expr","locations":[{"start":{"line":7,"column":168},"end":{"line":7,"column":189}},{"start":{"line":7,"column":193},"end":{"line":7,"column":198}}]},"2":{"line":7,"type":"if","locations":[{"start":{"line":7,"column":232},"end":{"line":7,"column":232}},{"start":{"line":7,"column":232},"end":{"line":7,"column":232}}]},"3":{"line":7,"type":"if","locations":[{"start":{"line":7,"column":407},"end":{"line":7,"column":407}},{"start":{"line":7,"column":407},"end":{"line":7,"column":407}}]},"4":{"line":7,"type":"if","locations":[{"start":{"line":7,"column":476},"end":{"line":7,"column":476}},{"start":{"line":7,"column":476},"end":{"line":7,"column":476}}]},"5":{"line":17,"type":"cond-expr","locations":[{"start":{"line":17,"column":70},"end":{"line":17,"column":73}},{"start":{"line":17,"column":76},"end":{"line":17,"column":92}}]},"6":{"line":17,"type":"binary-expr","locations":[{"start":{"line":17,"column":46},"end":{"line":17,"column":49}},{"start":{"line":17,"column":53},"end":{"line":17,"column":67}}]},"7":{"line":19,"type":"if","locations":[{"start":{"line":19,"column":50},"end":{"line":19,"column":50}},{"start":{"line":19,"column":50},"end":{"line":19,"column":50}}]},"8":{"line":31,"type":"if","locations":[{"start":{"line":31,"column":6},"end":{"line":31,"column":6}},{"start":{"line":31,"column":6},"end":{"line":31,"column":6}}]},"9":{"line":39,"type":"if","locations":[{"start":{"line":39,"column":8},"end":{"line":39,"column":8}},{"start":{"line":39,"column":8},"end":{"line":39,"column":8}}]},"10":{"line":42,"type":"if","locations":[{"start":{"line":42,"column":8},"end":{"line":42,"column":8}},{"start":{"line":42,"column":8},"end":{"line":42,"column":8}}]}}},"C:\\Projects\\StackOverflow-lite\\dist\\auth.js":{"path":"C:\\Projects\\StackOverflow-lite\\dist\\auth.js","s":{"1":1,"2":1,"3":1,"4":1,"5":1,"6":1,"7":1,"8":1,"9":1,"10":1,"11":4,"12":1,"13":1,"14":4,"15":4,"16":2,"17":2,"18":2,"19":0,"20":2,"21":2,"22":1,"23":7,"24":7,"25":2,"26":5,"27":5,"28":5,"29":0,"30":5,"31":5,"32":1},"b":{"1":[3,1],"2":[4,4],"3":[2,2],"4":[4,3],"5":[0,2],"6":[2,2],"7":[2,5],"8":[7,6,6],"9":[0,5],"10":[5,5,5]},"f":{"1":4,"2":4,"3":7},"fnMap":{"1":{"name":"_interopRequireDefault","line":23,"loc":{"start":{"line":23,"column":0},"end":{"line":23,"column":37}}},"2":{"name":"(anonymous_2)","line":27,"loc":{"start":{"line":27,"column":22},"end":{"line":27,"column":57}}},"3":{"name":"(anonymous_3)","line":43,"loc":{"start":{"line":43,"column":23},"end":{"line":43,"column":58}}}},"statementMap":{"1":{"start":{"line":3,"column":0},"end":{"line":5,"column":3}},"2":{"start":{"line":7,"column":0},"end":{"line":7,"column":34}},"3":{"start":{"line":9,"column":0},"end":{"line":9,"column":49}},"4":{"start":{"line":11,"column":0},"end":{"line":11,"column":43}},"5":{"start":{"line":13,"column":0},"end":{"line":13,"column":45}},"6":{"start":{"line":15,"column":0},"end":{"line":15,"column":43}},"7":{"start":{"line":17,"column":0},"end":{"line":17,"column":45}},"8":{"start":{"line":19,"column":0},"end":{"line":19,"column":49}},"9":{"start":{"line":21,"column":0},"end":{"line":21,"column":51}},"10":{"start":{"line":23,"column":0},"end":{"line":23,"column":95}},"11":{"start":{"line":23,"column":39},"end":{"line":23,"column":93}},"12":{"start":{"line":25,"column":0},"end":{"line":25,"column":40}},"13":{"start":{"line":27,"column":0},"end":{"line":41,"column":3}},"14":{"start":{"line":28,"column":2},"end":{"line":30,"column":40}},"15":{"start":{"line":32,"column":2},"end":{"line":34,"column":3}},"16":{"start":{"line":33,"column":4},"end":{"line":33,"column":61}},"17":{"start":{"line":35,"column":2},"end":{"line":35,"column":44}},"18":{"start":{"line":36,"column":2},"end":{"line":38,"column":3}},"19":{"start":{"line":37,"column":4},"end":{"line":37,"column":61}},"20":{"start":{"line":39,"column":2},"end":{"line":39,"column":43}},"21":{"start":{"line":40,"column":2},"end":{"line":40,"column":61}},"22":{"start":{"line":43,"column":0},"end":{"line":59,"column":3}},"23":{"start":{"line":44,"column":2},"end":{"line":47,"column":41}},"24":{"start":{"line":49,"column":2},"end":{"line":51,"column":3}},"25":{"start":{"line":50,"column":4},"end":{"line":50,"column":61}},"26":{"start":{"line":52,"column":2},"end":{"line":52,"column":42}},"27":{"start":{"line":53,"column":2},"end":{"line":53,"column":44}},"28":{"start":{"line":54,"column":2},"end":{"line":56,"column":3}},"29":{"start":{"line":55,"column":4},"end":{"line":55,"column":61}},"30":{"start":{"line":57,"column":2},"end":{"line":57,"column":46}},"31":{"start":{"line":58,"column":2},"end":{"line":58,"column":70}},"32":{"start":{"line":61,"column":0},"end":{"line":61,"column":25}}},"branchMap":{"1":{"line":23,"type":"cond-expr","locations":[{"start":{"line":23,"column":70},"end":{"line":23,"column":73}},{"start":{"line":23,"column":76},"end":{"line":23,"column":92}}]},"2":{"line":23,"type":"binary-expr","locations":[{"start":{"line":23,"column":46},"end":{"line":23,"column":49}},{"start":{"line":23,"column":53},"end":{"line":23,"column":67}}]},"3":{"line":32,"type":"if","locations":[{"start":{"line":32,"column":2},"end":{"line":32,"column":2}},{"start":{"line":32,"column":2},"end":{"line":32,"column":2}}]},"4":{"line":32,"type":"binary-expr","locations":[{"start":{"line":32,"column":6},"end":{"line":32,"column":12}},{"start":{"line":32,"column":16},"end":{"line":32,"column":25}}]},"5":{"line":36,"type":"if","locations":[{"start":{"line":36,"column":2},"end":{"line":36,"column":2}},{"start":{"line":36,"column":2},"end":{"line":36,"column":2}}]},"6":{"line":36,"type":"binary-expr","locations":[{"start":{"line":36,"column":6},"end":{"line":36,"column":12}},{"start":{"line":36,"column":16},"end":{"line":36,"column":25}}]},"7":{"line":49,"type":"if","locations":[{"start":{"line":49,"column":2},"end":{"line":49,"column":2}},{"start":{"line":49,"column":2},"end":{"line":49,"column":2}}]},"8":{"line":49,"type":"binary-expr","locations":[{"start":{"line":49,"column":6},"end":{"line":49,"column":11}},{"start":{"line":49,"column":15},"end":{"line":49,"column":21}},{"start":{"line":49,"column":25},"end":{"line":49,"column":34}}]},"9":{"line":54,"type":"if","locations":[{"start":{"line":54,"column":2},"end":{"line":54,"column":2}},{"start":{"line":54,"column":2},"end":{"line":54,"column":2}}]},"10":{"line":54,"type":"binary-expr","locations":[{"start":{"line":54,"column":6},"end":{"line":54,"column":11}},{"start":{"line":54,"column":15},"end":{"line":54,"column":21}},{"start":{"line":54,"column":25},"end":{"line":54,"column":34}}]}}},"C:\\Projects\\StackOverflow-lite\\dist\\controller\\login.js":{"path":"C:\\Projects\\StackOverflow-lite\\dist\\controller\\login.js","s":{"1":1,"2":1,"3":1,"4":1,"5":2,"6":2,"7":2,"8":2,"9":2,"10":2,"11":1,"12":1,"13":1,"14":1,"15":0,"16":1,"17":1,"18":1,"19":1,"20":1,"21":1,"22":1,"23":1,"24":1,"25":1,"26":1,"27":4,"28":1,"29":2,"30":0,"31":1,"32":1,"33":2,"34":1,"35":2,"36":2,"37":2,"38":1,"39":1,"40":0,"41":1,"42":1,"43":1,"44":1,"45":2,"46":2,"47":2,"48":1,"49":1},"b":{"1":[2,2],"2":[2,0],"3":[1,0],"4":[0,1],"5":[2,2],"6":[4,4],"7":[0,2],"8":[1,1],"9":[0,1]},"f":{"1":1,"2":1,"3":1,"4":4,"5":2,"6":1,"7":2,"8":2,"9":2,"10":1,"11":1,"12":2,"13":2},"fnMap":{"1":{"name":"(anonymous_1)","line":7,"loc":{"start":{"line":7,"column":19},"end":{"line":7,"column":31}}},"2":{"name":"defineProperties","line":7,"loc":{"start":{"line":7,"column":33},"end":{"line":7,"column":74}}},"3":{"name":"(anonymous_3)","line":7,"loc":{"start":{"line":7,"column":357},"end":{"line":7,"column":405}}},"4":{"name":"_interopRequireDefault","line":27,"loc":{"start":{"line":27,"column":0},"end":{"line":27,"column":37}}},"5":{"name":"_classCallCheck","line":29,"loc":{"start":{"line":29,"column":0},"end":{"line":29,"column":48}}},"6":{"name":"(anonymous_6)","line":31,"loc":{"start":{"line":31,"column":22},"end":{"line":31,"column":34}}},"7":{"name":"LoginController","line":32,"loc":{"start":{"line":32,"column":2},"end":{"line":32,"column":29}}},"8":{"name":"login","line":38,"loc":{"start":{"line":38,"column":11},"end":{"line":38,"column":63}}},"9":{"name":"(anonymous_9)","line":43,"loc":{"start":{"line":43,"column":39},"end":{"line":43,"column":55}}},"10":{"name":"(anonymous_10)","line":45,"loc":{"start":{"line":45,"column":75},"end":{"line":45,"column":95}}},"11":{"name":"(anonymous_11)","line":54,"loc":{"start":{"line":54,"column":113},"end":{"line":54,"column":135}}},"12":{"name":"runQuery","line":66,"loc":{"start":{"line":66,"column":11},"end":{"line":66,"column":36}}},"13":{"name":"(anonymous_13)","line":67,"loc":{"start":{"line":67,"column":58},"end":{"line":67,"column":78}}}},"statementMap":{"1":{"start":{"line":3,"column":0},"end":{"line":5,"column":3}},"2":{"start":{"line":7,"column":0},"end":{"line":7,"column":564}},"3":{"start":{"line":7,"column":33},"end":{"line":7,"column":349}},"4":{"start":{"line":7,"column":76},"end":{"line":7,"column":347}},"5":{"start":{"line":7,"column":117},"end":{"line":7,"column":143}},"6":{"start":{"line":7,"column":144},"end":{"line":7,"column":199}},"7":{"start":{"line":7,"column":200},"end":{"line":7,"column":231}},"8":{"start":{"line":7,"column":232},"end":{"line":7,"column":286}},"9":{"start":{"line":7,"column":259},"end":{"line":7,"column":286}},"10":{"start":{"line":7,"column":287},"end":{"line":7,"column":345}},"11":{"start":{"line":7,"column":350},"end":{"line":7,"column":559}},"12":{"start":{"line":7,"column":407},"end":{"line":7,"column":475}},"13":{"start":{"line":7,"column":423},"end":{"line":7,"column":475}},"14":{"start":{"line":7,"column":476},"end":{"line":7,"column":536}},"15":{"start":{"line":7,"column":493},"end":{"line":7,"column":536}},"16":{"start":{"line":7,"column":537},"end":{"line":7,"column":556}},"17":{"start":{"line":9,"column":0},"end":{"line":9,"column":32}},"18":{"start":{"line":11,"column":0},"end":{"line":11,"column":47}},"19":{"start":{"line":13,"column":0},"end":{"line":13,"column":44}},"20":{"start":{"line":15,"column":0},"end":{"line":15,"column":59}},"21":{"start":{"line":17,"column":0},"end":{"line":17,"column":44}},"22":{"start":{"line":19,"column":0},"end":{"line":19,"column":53}},"23":{"start":{"line":21,"column":0},"end":{"line":21,"column":32}},"24":{"start":{"line":23,"column":0},"end":{"line":23,"column":45}},"25":{"start":{"line":25,"column":0},"end":{"line":25,"column":29}},"26":{"start":{"line":27,"column":0},"end":{"line":27,"column":95}},"27":{"start":{"line":27,"column":39},"end":{"line":27,"column":93}},"28":{"start":{"line":29,"column":0},"end":{"line":29,"column":153}},"29":{"start":{"line":29,"column":50},"end":{"line":29,"column":151}},"30":{"start":{"line":29,"column":92},"end":{"line":29,"column":149}},"31":{"start":{"line":31,"column":0},"end":{"line":75,"column":4}},"32":{"start":{"line":32,"column":2},"end":{"line":34,"column":3}},"33":{"start":{"line":33,"column":4},"end":{"line":33,"column":43}},"34":{"start":{"line":36,"column":2},"end":{"line":72,"column":6}},"35":{"start":{"line":39,"column":6},"end":{"line":42,"column":8}},"36":{"start":{"line":43,"column":6},"end":{"line":62,"column":9}},"37":{"start":{"line":44,"column":8},"end":{"line":60,"column":9}},"38":{"start":{"line":45,"column":10},"end":{"line":59,"column":13}},"39":{"start":{"line":46,"column":12},"end":{"line":48,"column":13}},"40":{"start":{"line":47,"column":14},"end":{"line":47,"column":73}},"41":{"start":{"line":49,"column":12},"end":{"line":52,"column":42}},"42":{"start":{"line":54,"column":12},"end":{"line":58,"column":15}},"43":{"start":{"line":55,"column":14},"end":{"line":57,"column":17}},"44":{"start":{"line":61,"column":8},"end":{"line":61,"column":65}},"45":{"start":{"line":67,"column":6},"end":{"line":69,"column":9}},"46":{"start":{"line":68,"column":8},"end":{"line":68,"column":24}},"47":{"start":{"line":70,"column":6},"end":{"line":70,"column":25}},"48":{"start":{"line":74,"column":2},"end":{"line":74,"column":25}},"49":{"start":{"line":77,"column":0},"end":{"line":77,"column":34}}},"branchMap":{"1":{"line":7,"type":"binary-expr","locations":[{"start":{"line":7,"column":168},"end":{"line":7,"column":189}},{"start":{"line":7,"column":193},"end":{"line":7,"column":198}}]},"2":{"line":7,"type":"if","locations":[{"start":{"line":7,"column":232},"end":{"line":7,"column":232}},{"start":{"line":7,"column":232},"end":{"line":7,"column":232}}]},"3":{"line":7,"type":"if","locations":[{"start":{"line":7,"column":407},"end":{"line":7,"column":407}},{"start":{"line":7,"column":407},"end":{"line":7,"column":407}}]},"4":{"line":7,"type":"if","locations":[{"start":{"line":7,"column":476},"end":{"line":7,"column":476}},{"start":{"line":7,"column":476},"end":{"line":7,"column":476}}]},"5":{"line":27,"type":"cond-expr","locations":[{"start":{"line":27,"column":70},"end":{"line":27,"column":73}},{"start":{"line":27,"column":76},"end":{"line":27,"column":92}}]},"6":{"line":27,"type":"binary-expr","locations":[{"start":{"line":27,"column":46},"end":{"line":27,"column":49}},{"start":{"line":27,"column":53},"end":{"line":27,"column":67}}]},"7":{"line":29,"type":"if","locations":[{"start":{"line":29,"column":50},"end":{"line":29,"column":50}},{"start":{"line":29,"column":50},"end":{"line":29,"column":50}}]},"8":{"line":44,"type":"if","locations":[{"start":{"line":44,"column":8},"end":{"line":44,"column":8}},{"start":{"line":44,"column":8},"end":{"line":44,"column":8}}]},"9":{"line":46,"type":"if","locations":[{"start":{"line":46,"column":12},"end":{"line":46,"column":12}},{"start":{"line":46,"column":12},"end":{"line":46,"column":12}}]}}},"C:\\Projects\\StackOverflow-lite\\dist\\controller\\register.js":{"path":"C:\\Projects\\StackOverflow-lite\\dist\\controller\\register.js","s":{"1":1,"2":1,"3":1,"4":1,"5":2,"6":2,"7":2,"8":2,"9":2,"10":2,"11":1,"12":1,"13":1,"14":1,"15":0,"16":1,"17":1,"18":1,"19":1,"20":1,"21":1,"22":1,"23":1,"24":1,"25":1,"26":1,"27":4,"28":1,"29":5,"30":0,"31":1,"32":1,"33":5,"34":5,"35":1,"36":5,"37":5,"38":5,"39":5,"40":4,"41":4,"42":4,"43":4,"44":4,"45":4,"46":1,"47":9,"48":9,"49":9,"50":1,"51":1},"b":{"1":[2,2],"2":[2,0],"3":[1,0],"4":[0,1],"5":[2,2],"6":[4,4],"7":[0,5],"8":[4,1]},"f":{"1":1,"2":1,"3":1,"4":4,"5":5,"6":1,"7":5,"8":5,"9":5,"10":4,"11":4,"12":4,"13":4,"14":9,"15":9},"fnMap":{"1":{"name":"(anonymous_1)","line":7,"loc":{"start":{"line":7,"column":19},"end":{"line":7,"column":31}}},"2":{"name":"defineProperties","line":7,"loc":{"start":{"line":7,"column":33},"end":{"line":7,"column":74}}},"3":{"name":"(anonymous_3)","line":7,"loc":{"start":{"line":7,"column":357},"end":{"line":7,"column":405}}},"4":{"name":"_interopRequireDefault","line":27,"loc":{"start":{"line":27,"column":0},"end":{"line":27,"column":37}}},"5":{"name":"_classCallCheck","line":29,"loc":{"start":{"line":29,"column":0},"end":{"line":29,"column":48}}},"6":{"name":"(anonymous_6)","line":31,"loc":{"start":{"line":31,"column":25},"end":{"line":31,"column":37}}},"7":{"name":"RegisterController","line":32,"loc":{"start":{"line":32,"column":2},"end":{"line":32,"column":32}}},"8":{"name":"register","line":40,"loc":{"start":{"line":40,"column":11},"end":{"line":40,"column":68}}},"9":{"name":"(anonymous_9)","line":47,"loc":{"start":{"line":47,"column":39},"end":{"line":47,"column":55}}},"10":{"name":"(anonymous_10)","line":49,"loc":{"start":{"line":49,"column":72},"end":{"line":49,"column":88}}},"11":{"name":"(anonymous_11)","line":54,"loc":{"start":{"line":54,"column":46},"end":{"line":54,"column":64}}},"12":{"name":"(anonymous_12)","line":57,"loc":{"start":{"line":57,"column":18},"end":{"line":57,"column":33}}},"13":{"name":"(anonymous_13)","line":58,"loc":{"start":{"line":58,"column":80},"end":{"line":58,"column":102}}},"14":{"name":"runQuery","line":72,"loc":{"start":{"line":72,"column":11},"end":{"line":72,"column":36}}},"15":{"name":"(anonymous_15)","line":73,"loc":{"start":{"line":73,"column":58},"end":{"line":73,"column":78}}}},"statementMap":{"1":{"start":{"line":3,"column":0},"end":{"line":5,"column":3}},"2":{"start":{"line":7,"column":0},"end":{"line":7,"column":564}},"3":{"start":{"line":7,"column":33},"end":{"line":7,"column":349}},"4":{"start":{"line":7,"column":76},"end":{"line":7,"column":347}},"5":{"start":{"line":7,"column":117},"end":{"line":7,"column":143}},"6":{"start":{"line":7,"column":144},"end":{"line":7,"column":199}},"7":{"start":{"line":7,"column":200},"end":{"line":7,"column":231}},"8":{"start":{"line":7,"column":232},"end":{"line":7,"column":286}},"9":{"start":{"line":7,"column":259},"end":{"line":7,"column":286}},"10":{"start":{"line":7,"column":287},"end":{"line":7,"column":345}},"11":{"start":{"line":7,"column":350},"end":{"line":7,"column":559}},"12":{"start":{"line":7,"column":407},"end":{"line":7,"column":475}},"13":{"start":{"line":7,"column":423},"end":{"line":7,"column":475}},"14":{"start":{"line":7,"column":476},"end":{"line":7,"column":536}},"15":{"start":{"line":7,"column":493},"end":{"line":7,"column":536}},"16":{"start":{"line":7,"column":537},"end":{"line":7,"column":556}},"17":{"start":{"line":9,"column":0},"end":{"line":9,"column":32}},"18":{"start":{"line":11,"column":0},"end":{"line":11,"column":47}},"19":{"start":{"line":13,"column":0},"end":{"line":13,"column":44}},"20":{"start":{"line":15,"column":0},"end":{"line":15,"column":59}},"21":{"start":{"line":17,"column":0},"end":{"line":17,"column":44}},"22":{"start":{"line":19,"column":0},"end":{"line":19,"column":53}},"23":{"start":{"line":21,"column":0},"end":{"line":21,"column":32}},"24":{"start":{"line":23,"column":0},"end":{"line":23,"column":45}},"25":{"start":{"line":25,"column":0},"end":{"line":25,"column":29}},"26":{"start":{"line":27,"column":0},"end":{"line":27,"column":95}},"27":{"start":{"line":27,"column":39},"end":{"line":27,"column":93}},"28":{"start":{"line":29,"column":0},"end":{"line":29,"column":153}},"29":{"start":{"line":29,"column":50},"end":{"line":29,"column":151}},"30":{"start":{"line":29,"column":92},"end":{"line":29,"column":149}},"31":{"start":{"line":31,"column":0},"end":{"line":81,"column":4}},"32":{"start":{"line":32,"column":2},"end":{"line":36,"column":3}},"33":{"start":{"line":33,"column":4},"end":{"line":33,"column":46}},"34":{"start":{"line":35,"column":4},"end":{"line":35,"column":25}},"35":{"start":{"line":38,"column":2},"end":{"line":78,"column":6}},"36":{"start":{"line":41,"column":6},"end":{"line":41,"column":23}},"37":{"start":{"line":43,"column":6},"end":{"line":46,"column":8}},"38":{"start":{"line":47,"column":6},"end":{"line":68,"column":9}},"39":{"start":{"line":48,"column":8},"end":{"line":66,"column":9}},"40":{"start":{"line":49,"column":10},"end":{"line":65,"column":13}},"41":{"start":{"line":50,"column":12},"end":{"line":53,"column":14}},"42":{"start":{"line":54,"column":12},"end":{"line":56,"column":15}},"43":{"start":{"line":55,"column":14},"end":{"line":55,"column":36}},"44":{"start":{"line":58,"column":12},"end":{"line":64,"column":15}},"45":{"start":{"line":59,"column":14},"end":{"line":63,"column":17}},"46":{"start":{"line":67,"column":8},"end":{"line":67,"column":70}},"47":{"start":{"line":73,"column":6},"end":{"line":75,"column":9}},"48":{"start":{"line":74,"column":8},"end":{"line":74,"column":24}},"49":{"start":{"line":76,"column":6},"end":{"line":76,"column":25}},"50":{"start":{"line":80,"column":2},"end":{"line":80,"column":28}},"51":{"start":{"line":83,"column":0},"end":{"line":83,"column":37}}},"branchMap":{"1":{"line":7,"type":"binary-expr","locations":[{"start":{"line":7,"column":168},"end":{"line":7,"column":189}},{"start":{"line":7,"column":193},"end":{"line":7,"column":198}}]},"2":{"line":7,"type":"if","locations":[{"start":{"line":7,"column":232},"end":{"line":7,"column":232}},{"start":{"line":7,"column":232},"end":{"line":7,"column":232}}]},"3":{"line":7,"type":"if","locations":[{"start":{"line":7,"column":407},"end":{"line":7,"column":407}},{"start":{"line":7,"column":407},"end":{"line":7,"column":407}}]},"4":{"line":7,"type":"if","locations":[{"start":{"line":7,"column":476},"end":{"line":7,"column":476}},{"start":{"line":7,"column":476},"end":{"line":7,"column":476}}]},"5":{"line":27,"type":"cond-expr","locations":[{"start":{"line":27,"column":70},"end":{"line":27,"column":73}},{"start":{"line":27,"column":76},"end":{"line":27,"column":92}}]},"6":{"line":27,"type":"binary-expr","locations":[{"start":{"line":27,"column":46},"end":{"line":27,"column":49}},{"start":{"line":27,"column":53},"end":{"line":27,"column":67}}]},"7":{"line":29,"type":"if","locations":[{"start":{"line":29,"column":50},"end":{"line":29,"column":50}},{"start":{"line":29,"column":50},"end":{"line":29,"column":50}}]},"8":{"line":48,"type":"if","locations":[{"start":{"line":48,"column":8},"end":{"line":48,"column":8}},{"start":{"line":48,"column":8},"end":{"line":48,"column":8}}]}}}}