TN:
SF:C:\Projects\StackOverflow-lite\dist\app.js
FN:19,_interopRequireDefault
FN:25,(anonymous_2)
FN:34,(anonymous_3)
FN:40,(anonymous_4)
FN:49,(anonymous_5)
FNF:5
FNH:5
FNDA:3,_interopRequireDefault
FNDA:24,(anonymous_2)
FNDA:1,(anonymous_3)
FNDA:15,(anonymous_4)
FNDA:1,(anonymous_5)
DA:3,1
DA:7,1
DA:9,1
DA:11,1
DA:13,1
DA:15,1
DA:17,1
DA:19,3
DA:21,1
DA:22,1
DA:23,1
DA:25,1
DA:26,24
DA:27,24
DA:28,24
DA:31,1
DA:32,1
DA:34,1
DA:35,1
DA:36,1
DA:37,1
DA:40,1
DA:41,15
DA:48,1
DA:49,1
DA:50,1
DA:52,1
LF:27
LH:27
BRDA:19,1,0,2
BRDA:19,1,1,1
BRDA:19,2,0,3
BRDA:19,2,1,3
BRDA:41,3,0,15
BRDA:41,3,1,0
BRDA:48,4,0,1
BRDA:48,4,1,1
BRF:8
BRH:7
end_of_record
TN:
SF:C:\Projects\StackOverflow-lite\dist\route.js
FN:25,_interopRequireDefault
FN:28,checkToken
FN:40,(anonymous_3)
FN:45,(anonymous_4)
FN:66,(anonymous_5)
FN:73,(anonymous_6)
FN:84,(anonymous_7)
FNF:7
FNH:6
FNDA:4,_interopRequireDefault
FNDA:8,checkToken
FNDA:1,(anonymous_3)
FNDA:4,(anonymous_4)
FNDA:3,(anonymous_5)
FNDA:3,(anonymous_6)
FNDA:0,(anonymous_7)
DA:3,1
DA:7,1
DA:9,1
DA:11,1
DA:13,1
DA:15,1
DA:17,1
DA:19,1
DA:21,1
DA:23,1
DA:25,4
DA:27,1
DA:28,1
DA:29,8
DA:30,8
DA:31,8
DA:32,1
DA:33,1
DA:34,1
DA:36,8
DA:37,8
DA:40,1
DA:41,1
DA:42,1
DA:45,1
DA:46,4
DA:47,4
DA:48,1
DA:50,3
DA:54,3
DA:55,2
DA:57,1
DA:58,1
DA:59,1
DA:60,0
DA:62,1
DA:63,1
DA:66,1
DA:67,3
DA:69,3
DA:70,3
DA:73,1
DA:74,3
DA:75,3
DA:76,1
DA:78,2
DA:80,2
DA:81,2
DA:84,1
DA:85,0
DA:86,0
DA:87,0
DA:89,0
DA:91,0
DA:92,0
DA:94,0
DA:96,0
DA:97,0
DA:98,0
DA:100,0
DA:101,0
DA:104,1
LF:62
LH:49
BRDA:25,1,0,3
BRDA:25,1,1,1
BRDA:25,2,0,4
BRDA:25,2,1,4
BRDA:31,3,0,1
BRDA:31,3,1,7
BRDA:47,4,0,1
BRDA:47,4,1,3
BRDA:54,5,0,2
BRDA:54,5,1,1
BRDA:54,6,0,3
BRDA:54,6,1,1
BRDA:59,7,0,0
BRDA:59,7,1,1
BRDA:59,8,0,1
BRDA:59,8,1,1
BRDA:75,9,0,1
BRDA:75,9,1,2
BRDA:86,10,0,0
BRDA:86,10,1,0
BRDA:91,11,0,0
BRDA:91,11,1,0
BRDA:97,12,0,0
BRDA:97,12,1,0
BRF:24
BRH:17
end_of_record
TN:
SF:C:\Projects\StackOverflow-lite\dist\jwt.js
FN:12,_interopRequireDefault
FN:16,getToken
FN:24,verifyToken
FN:25,(anonymous_4)
FNF:4
FNH:4
FNDA:1,_interopRequireDefault
FNDA:8,getToken
FNDA:7,verifyToken
FNDA:7,(anonymous_4)
DA:3,1
DA:6,1
DA:8,1
DA:10,1
DA:12,1
DA:14,1
DA:16,1
DA:17,8
DA:18,1
DA:20,7
DA:21,7
DA:24,1
DA:25,7
DA:26,7
DA:27,2
DA:32,5
DA:39,1
DA:40,1
DA:41,1
LF:19
LH:19
BRDA:12,1,0,0
BRDA:12,1,1,1
BRDA:12,2,0,1
BRDA:12,2,1,1
BRDA:17,3,0,1
BRDA:17,3,1,7
BRDA:26,4,0,2
BRDA:26,4,1,5
BRF:8
BRH:7
end_of_record
TN:
SF:C:\Projects\StackOverflow-lite\dist\controller\question.js
FN:7,(anonymous_1)
FN:7,defineProperties
FN:7,(anonymous_3)
FN:17,_interopRequireDefault
FN:19,_classCallCheck
FN:21,(anonymous_6)
FN:22,QuestionController
FN:28,getAllQuestions
FN:32,(anonymous_9)
FN:38,getQuestion
FN:49,(anonymous_11)
FN:58,(anonymous_12)
FN:63,(anonymous_13)
FN:69,addQuestion
FN:74,(anonymous_15)
FN:80,deleteQuestion
FN:90,(anonymous_17)
FN:101,(anonymous_18)
FN:102,(anonymous_19)
FN:110,runQuery
FN:111,(anonymous_21)
FNF:21
FNH:21
FNDA:1,(anonymous_1)
FNDA:1,defineProperties
FNDA:1,(anonymous_3)
FNDA:2,_interopRequireDefault
FNDA:7,_classCallCheck
FNDA:1,(anonymous_6)
FNDA:7,QuestionController
FNDA:1,getAllQuestions
FNDA:1,(anonymous_9)
FNDA:3,getQuestion
FNDA:2,(anonymous_11)
FNDA:1,(anonymous_12)
FNDA:2,(anonymous_13)
FNDA:1,addQuestion
FNDA:1,(anonymous_15)
FNDA:2,deleteQuestion
FNDA:2,(anonymous_17)
FNDA:1,(anonymous_18)
FNDA:1,(anonymous_19)
FNDA:8,runQuery
FNDA:8,(anonymous_21)
DA:3,1
DA:7,5
DA:9,1
DA:11,1
DA:13,1
DA:15,1
DA:17,2
DA:19,7
DA:21,1
DA:22,1
DA:23,7
DA:26,1
DA:29,1
DA:32,1
DA:33,1
DA:39,3
DA:41,3
DA:42,3
DA:43,1
DA:45,2
DA:49,2
DA:50,2
DA:51,1
DA:53,1
DA:54,1
DA:58,1
DA:59,1
DA:60,1
DA:63,2
DA:64,2
DA:70,1
DA:74,1
DA:75,1
DA:81,2
DA:83,2
DA:84,0
DA:86,2
DA:90,2
DA:91,2
DA:92,0
DA:94,2
DA:95,1
DA:97,1
DA:101,1
DA:102,1
DA:103,1
DA:111,8
DA:112,8
DA:114,8
DA:118,1
DA:121,1
LF:51
LH:49
BRDA:7,1,0,5
BRDA:7,1,1,5
BRDA:7,2,0,5
BRDA:7,2,1,0
BRDA:7,3,0,1
BRDA:7,3,1,0
BRDA:7,4,0,0
BRDA:7,4,1,1
BRDA:17,5,0,2
BRDA:17,5,1,0
BRDA:17,6,0,2
BRDA:17,6,1,2
BRDA:19,7,0,0
BRDA:19,7,1,7
BRDA:42,8,0,1
BRDA:42,8,1,2
BRDA:50,9,0,1
BRDA:50,9,1,1
BRDA:83,10,0,0
BRDA:83,10,1,2
BRDA:91,11,0,0
BRDA:91,11,1,2
BRDA:94,12,0,1
BRDA:94,12,1,1
BRF:24
BRH:17
end_of_record
TN:
SF:C:\Projects\StackOverflow-lite\dist\db\dbconnect.js
FNF:0
FNH:0
DA:3,1
DA:7,1
DA:9,1
DA:10,1
DA:14,1
LF:5
LH:5
BRF:0
BRH:0
end_of_record
TN:
SF:C:\Projects\StackOverflow-lite\dist\controller\error.js
FN:7,_classCallCheck
FN:9,ErrorHandler
FNF:2
FNH:2
FNDA:13,_classCallCheck
FNDA:13,ErrorHandler
DA:3,1
DA:7,13
DA:9,1
DA:10,13
DA:12,13
DA:13,13
DA:14,13
DA:17,1
LF:8
LH:8
BRDA:7,1,0,0
BRDA:7,1,1,13
BRF:2
BRH:1
end_of_record
TN:
SF:C:\Projects\StackOverflow-lite\dist\controller\answer.js
FN:7,(anonymous_1)
FN:7,defineProperties
FN:7,(anonymous_3)
FN:17,_interopRequireDefault
FN:19,_classCallCheck
FN:21,(anonymous_6)
FN:22,AnswerController
FN:28,addAnswer
FN:38,(anonymous_9)
FN:49,(anonymous_10)
FN:56,runQuery
FN:57,(anonymous_12)
FNF:12
FNH:5
FNDA:1,(anonymous_1)
FNDA:1,defineProperties
FNDA:1,(anonymous_3)
FNDA:2,_interopRequireDefault
FNDA:0,_classCallCheck
FNDA:1,(anonymous_6)
FNDA:0,AnswerController
FNDA:0,addAnswer
FNDA:0,(anonymous_9)
FNDA:0,(anonymous_10)
FNDA:0,runQuery
FNDA:0,(anonymous_12)
DA:3,1
DA:7,2
DA:9,1
DA:11,1
DA:13,1
DA:15,1
DA:17,2
DA:19,1
DA:21,1
DA:22,1
DA:23,0
DA:26,1
DA:29,0
DA:31,0
DA:32,0
DA:34,0
DA:38,0
DA:39,0
DA:40,0
DA:42,0
DA:43,0
DA:45,0
DA:49,0
DA:50,0
DA:57,0
DA:58,0
DA:60,0
DA:64,1
DA:67,1
LF:29
LH:13
BRDA:7,1,0,2
BRDA:7,1,1,2
BRDA:7,2,0,2
BRDA:7,2,1,0
BRDA:7,3,0,1
BRDA:7,3,1,0
BRDA:7,4,0,0
BRDA:7,4,1,1
BRDA:17,5,0,2
BRDA:17,5,1,0
BRDA:17,6,0,2
BRDA:17,6,1,2
BRDA:19,7,0,0
BRDA:19,7,1,0
BRDA:31,8,0,0
BRDA:31,8,1,0
BRDA:39,9,0,0
BRDA:39,9,1,0
BRDA:42,10,0,0
BRDA:42,10,1,0
BRF:20
BRH:8
end_of_record
TN:
SF:C:\Projects\StackOverflow-lite\dist\auth.js
FN:23,_interopRequireDefault
FN:27,(anonymous_2)
FN:43,(anonymous_3)
FNF:3
FNH:3
FNDA:4,_interopRequireDefault
FNDA:4,(anonymous_2)
FNDA:7,(anonymous_3)
DA:3,1
DA:7,1
DA:9,1
DA:11,1
DA:13,1
DA:15,1
DA:17,1
DA:19,1
DA:21,1
DA:23,4
DA:25,1
DA:27,1
DA:28,4
DA:32,4
DA:33,2
DA:35,2
DA:36,2
DA:37,0
DA:39,2
DA:40,2
DA:43,1
DA:44,7
DA:49,7
DA:50,2
DA:52,5
DA:53,5
DA:54,5
DA:55,0
DA:57,5
DA:58,5
DA:61,1
LF:31
LH:29
BRDA:23,1,0,3
BRDA:23,1,1,1
BRDA:23,2,0,4
BRDA:23,2,1,4
BRDA:32,3,0,2
BRDA:32,3,1,2
BRDA:32,4,0,4
BRDA:32,4,1,3
BRDA:36,5,0,0
BRDA:36,5,1,2
BRDA:36,6,0,2
BRDA:36,6,1,2
BRDA:49,7,0,2
BRDA:49,7,1,5
BRDA:49,8,0,7
BRDA:49,8,1,6
BRDA:49,8,2,6
BRDA:54,9,0,0
BRDA:54,9,1,5
BRDA:54,10,0,5
BRDA:54,10,1,5
BRDA:54,10,2,5
BRF:22
BRH:20
end_of_record
TN:
SF:C:\Projects\StackOverflow-lite\dist\controller\login.js
FN:7,(anonymous_1)
FN:7,defineProperties
FN:7,(anonymous_3)
FN:27,_interopRequireDefault
FN:29,_classCallCheck
FN:31,(anonymous_6)
FN:32,LoginController
FN:38,login
FN:43,(anonymous_9)
FN:45,(anonymous_10)
FN:54,(anonymous_11)
FN:66,runQuery
FN:67,(anonymous_13)
FNF:13
FNH:13
FNDA:1,(anonymous_1)
FNDA:1,defineProperties
FNDA:1,(anonymous_3)
FNDA:4,_interopRequireDefault
FNDA:2,_classCallCheck
FNDA:1,(anonymous_6)
FNDA:2,LoginController
FNDA:2,login
FNDA:2,(anonymous_9)
FNDA:1,(anonymous_10)
FNDA:1,(anonymous_11)
FNDA:2,runQuery
FNDA:2,(anonymous_13)
DA:3,1
DA:7,2
DA:9,1
DA:11,1
DA:13,1
DA:15,1
DA:17,1
DA:19,1
DA:21,1
DA:23,1
DA:25,1
DA:27,4
DA:29,2
DA:31,1
DA:32,1
DA:33,2
DA:36,1
DA:39,2
DA:43,2
DA:44,2
DA:45,1
DA:46,1
DA:47,0
DA:49,1
DA:54,1
DA:55,1
DA:61,1
DA:67,2
DA:68,2
DA:70,2
DA:74,1
DA:77,1
LF:32
LH:31
BRDA:7,1,0,2
BRDA:7,1,1,2
BRDA:7,2,0,2
BRDA:7,2,1,0
BRDA:7,3,0,1
BRDA:7,3,1,0
BRDA:7,4,0,0
BRDA:7,4,1,1
BRDA:27,5,0,2
BRDA:27,5,1,2
BRDA:27,6,0,4
BRDA:27,6,1,4
BRDA:29,7,0,0
BRDA:29,7,1,2
BRDA:44,8,0,1
BRDA:44,8,1,1
BRDA:46,9,0,0
BRDA:46,9,1,1
BRF:18
BRH:13
end_of_record
TN:
SF:C:\Projects\StackOverflow-lite\dist\controller\register.js
FN:7,(anonymous_1)
FN:7,defineProperties
FN:7,(anonymous_3)
FN:27,_interopRequireDefault
FN:29,_classCallCheck
FN:31,(anonymous_6)
FN:32,RegisterController
FN:40,register
FN:47,(anonymous_9)
FN:49,(anonymous_10)
FN:54,(anonymous_11)
FN:57,(anonymous_12)
FN:58,(anonymous_13)
FN:72,runQuery
FN:73,(anonymous_15)
FNF:15
FNH:15
FNDA:1,(anonymous_1)
FNDA:1,defineProperties
FNDA:1,(anonymous_3)
FNDA:4,_interopRequireDefault
FNDA:5,_classCallCheck
FNDA:1,(anonymous_6)
FNDA:5,RegisterController
FNDA:5,register
FNDA:5,(anonymous_9)
FNDA:4,(anonymous_10)
FNDA:4,(anonymous_11)
FNDA:4,(anonymous_12)
FNDA:4,(anonymous_13)
FNDA:9,runQuery
FNDA:9,(anonymous_15)
DA:3,1
DA:7,2
DA:9,1
DA:11,1
DA:13,1
DA:15,1
DA:17,1
DA:19,1
DA:21,1
DA:23,1
DA:25,1
DA:27,4
DA:29,5
DA:31,1
DA:32,1
DA:33,5
DA:35,5
DA:38,1
DA:41,5
DA:43,5
DA:47,5
DA:48,5
DA:49,4
DA:50,4
DA:54,4
DA:55,4
DA:58,4
DA:59,4
DA:67,1
DA:73,9
DA:74,9
DA:76,9
DA:80,1
DA:83,1
LF:34
LH:34
BRDA:7,1,0,2
BRDA:7,1,1,2
BRDA:7,2,0,2
BRDA:7,2,1,0
BRDA:7,3,0,1
BRDA:7,3,1,0
BRDA:7,4,0,0
BRDA:7,4,1,1
BRDA:27,5,0,2
BRDA:27,5,1,2
BRDA:27,6,0,4
BRDA:27,6,1,4
BRDA:29,7,0,0
BRDA:29,7,1,5
BRDA:48,8,0,4
BRDA:48,8,1,1
BRF:16
BRH:12
end_of_record
